{"level":"info","logger":"test-file","caller":"file_adapter.go:4","key":"value","time":"2025-08-27T17:46:51+03:30","message":"file test message"}
{"level":"error","logger":"test-file","caller":"file_adapter.go:4","error_key":"error_value","time":"2025-08-27T17:46:51+03:30","message":"file test error"}
{"level":"warn","logger":"test-file","caller":"file_adapter.go:4","time":"2025-08-27T17:46:51+03:30","message":"file warning message"}
{"level":"panic","logger":"test-file","caller":"file_adapter.go:4","time":"2025-08-27T17:46:51+03:30","message":"file panic message"}
{"level":"info","logger":"test-file","caller":"file_adapter.go:4","key":"value","time":"2025-08-27T17:47:42+03:30","message":"file test message"}
{"level":"error","logger":"test-file","caller":"file_adapter.go:4","error_key":"error_value","time":"2025-08-27T17:47:42+03:30","message":"file test error"}
{"level":"warn","logger":"test-file","caller":"file_adapter.go:4","time":"2025-08-27T17:47:42+03:30","message":"file warning message"}
{"level":"info","logger":"test-file","caller":"file_adapter.go:4","persistent":"field","time":"2025-08-27T17:47:42+03:30","message":"chained message"}
{"level":"info","logger":"test-multi","caller":"file_adapter.go:4","key":"value","time":"2025-08-27T17:47:42+03:30","message":"multi test message"}
{"level":"error","logger":"test-multi","caller":"file_adapter.go:4","error_key":"error_value","time":"2025-08-27T17:47:42+03:30","message":"multi test error"}
{"level":"warn","logger":"test-multi","caller":"file_adapter.go:4","time":"2025-08-27T17:47:42+03:30","message":"multi warning message"}
{"level":"info","logger":"test-multi","caller":"file_adapter.go:4","persistent":"field","time":"2025-08-27T17:47:42+03:30","message":"chained message"}
{"level":"info","logger":"all-strategy","caller":"file_adapter.go:4","strategy":"all","time":"2025-08-27T17:47:42+03:30","message":"strategy test"}
{"level":"info","logger":"round-robin-strategy","caller":"file_adapter.go:4","strategy":"round_robin","time":"2025-08-27T17:47:42+03:30","message":"strategy test"}
{"level":"info","logger":"test-file","caller":"file_adapter.go:4","key":"value","time":"2025-08-27T17:50:15+03:30","message":"file test message"}
{"level":"error","logger":"test-file","caller":"file_adapter.go:4","error_key":"error_value","time":"2025-08-27T17:50:15+03:30","message":"file test error"}
{"level":"warn","logger":"test-file","caller":"file_adapter.go:4","time":"2025-08-27T17:50:15+03:30","message":"file warning message"}
{"level":"info","logger":"test-file","caller":"file_adapter.go:4","persistent":"field","time":"2025-08-27T17:50:15+03:30","message":"chained message"}
{"level":"info","logger":"test-multi","caller":"file_adapter.go:4","key":"value","time":"2025-08-27T17:50:15+03:30","message":"multi test message"}
{"level":"error","logger":"test-multi","caller":"file_adapter.go:4","error_key":"error_value","time":"2025-08-27T17:50:15+03:30","message":"multi test error"}
{"level":"warn","logger":"test-multi","caller":"file_adapter.go:4","time":"2025-08-27T17:50:15+03:30","message":"multi warning message"}
{"level":"info","logger":"test-multi","caller":"file_adapter.go:4","persistent":"field","time":"2025-08-27T17:50:15+03:30","message":"chained message"}
{"level":"info","logger":"all-strategy","caller":"file_adapter.go:4","strategy":"all","time":"2025-08-27T17:50:15+03:30","message":"strategy test"}
{"level":"info","logger":"round-robin-strategy","caller":"file_adapter.go:4","strategy":"round_robin","time":"2025-08-27T17:50:15+03:30","message":"strategy test"}
{"level":"info","logger":"test-file","caller":"file_adapter.go:4","key":"value","time":"2025-08-27T17:50:40+03:30","message":"file test message"}
{"level":"error","logger":"test-file","caller":"file_adapter.go:4","error_key":"error_value","time":"2025-08-27T17:50:40+03:30","message":"file test error"}
{"level":"warn","logger":"test-file","caller":"file_adapter.go:4","time":"2025-08-27T17:50:40+03:30","message":"file warning message"}
{"level":"info","logger":"test-file","caller":"file_adapter.go:4","persistent":"field","time":"2025-08-27T17:50:40+03:30","message":"chained message"}
{"level":"info","logger":"test-multi","caller":"file_adapter.go:4","key":"value","time":"2025-08-27T17:50:40+03:30","message":"multi test message"}
{"level":"error","logger":"test-multi","caller":"file_adapter.go:4","error_key":"error_value","time":"2025-08-27T17:50:40+03:30","message":"multi test error"}
{"level":"warn","logger":"test-multi","caller":"file_adapter.go:4","time":"2025-08-27T17:50:40+03:30","message":"multi warning message"}
{"level":"info","logger":"test-multi","caller":"file_adapter.go:4","persistent":"field","time":"2025-08-27T17:50:40+03:30","message":"chained message"}
{"level":"info","logger":"all-strategy","caller":"file_adapter.go:4","strategy":"all","time":"2025-08-27T17:50:40+03:30","message":"strategy test"}
{"level":"info","logger":"round-robin-strategy","caller":"file_adapter.go:4","strategy":"round_robin","time":"2025-08-27T17:50:40+03:30","message":"strategy test"}
{"level":"info","logger":"test-file","caller":"file_adapter.go:4","key":"value","time":"2025-08-27T17:51:00+03:30","message":"file test message"}
{"level":"error","logger":"test-file","caller":"file_adapter.go:4","error_key":"error_value","time":"2025-08-27T17:51:00+03:30","message":"file test error"}
{"level":"warn","logger":"test-file","caller":"file_adapter.go:4","time":"2025-08-27T17:51:00+03:30","message":"file warning message"}
{"level":"info","logger":"test-file","caller":"file_adapter.go:4","persistent":"field","time":"2025-08-27T17:51:00+03:30","message":"chained message"}
{"level":"info","logger":"test-multi","caller":"file_adapter.go:4","key":"value","time":"2025-08-27T17:51:00+03:30","message":"multi test message"}
{"level":"error","logger":"test-multi","caller":"file_adapter.go:4","error_key":"error_value","time":"2025-08-27T17:51:00+03:30","message":"multi test error"}
{"level":"warn","logger":"test-multi","caller":"file_adapter.go:4","time":"2025-08-27T17:51:00+03:30","message":"multi warning message"}
{"level":"info","logger":"test-multi","caller":"file_adapter.go:4","persistent":"field","time":"2025-08-27T17:51:00+03:30","message":"chained message"}
{"level":"info","logger":"all-strategy","caller":"file_adapter.go:4","strategy":"all","time":"2025-08-27T17:51:00+03:30","message":"strategy test"}
{"level":"info","logger":"round-robin-strategy","caller":"file_adapter.go:4","strategy":"round_robin","time":"2025-08-27T17:51:00+03:30","message":"strategy test"}
{"level":"info","logger":"test-file","caller":"file_adapter.go:4","key":"value","time":"2025-08-27T18:09:13+03:30","message":"file test message"}
{"level":"error","logger":"test-file","caller":"file_adapter.go:4","error_key":"error_value","time":"2025-08-27T18:09:13+03:30","message":"file test error"}
{"level":"warn","logger":"test-file","caller":"file_adapter.go:4","time":"2025-08-27T18:09:13+03:30","message":"file warning message"}
{"level":"info","logger":"test-file","caller":"file_adapter.go:4","persistent":"field","time":"2025-08-27T18:09:13+03:30","message":"chained message"}
{"level":"info","logger":"test-multi","caller":"file_adapter.go:4","key":"value","time":"2025-08-27T18:09:13+03:30","message":"multi test message"}
{"level":"error","logger":"test-multi","caller":"file_adapter.go:4","error_key":"error_value","time":"2025-08-27T18:09:13+03:30","message":"multi test error"}
{"level":"warn","logger":"test-multi","caller":"file_adapter.go:4","time":"2025-08-27T18:09:13+03:30","message":"multi warning message"}
{"level":"info","logger":"test-multi","caller":"file_adapter.go:4","persistent":"field","time":"2025-08-27T18:09:13+03:30","message":"chained message"}
{"level":"info","logger":"all-strategy","caller":"file_adapter.go:4","strategy":"all","time":"2025-08-27T18:09:13+03:30","message":"strategy test"}
{"level":"info","logger":"round-robin-strategy","caller":"file_adapter.go:4","strategy":"round_robin","time":"2025-08-27T18:09:13+03:30","message":"strategy test"}
{"level":"info","logger":"test-file","caller":"file_adapter.go:4","key":"value","time":"2025-08-27T18:19:41+03:30","message":"file test message"}
{"level":"error","logger":"test-file","caller":"file_adapter.go:4","error_key":"error_value","time":"2025-08-27T18:19:41+03:30","message":"file test error"}
{"level":"warn","logger":"test-file","caller":"file_adapter.go:4","time":"2025-08-27T18:19:41+03:30","message":"file warning message"}
{"level":"info","logger":"test-file","caller":"file_adapter.go:4","persistent":"field","time":"2025-08-27T18:19:41+03:30","message":"chained message"}
{"level":"info","logger":"test-multi","caller":"file_adapter.go:4","key":"value","time":"2025-08-27T18:19:41+03:30","message":"multi test message"}
{"level":"error","logger":"test-multi","caller":"file_adapter.go:4","error_key":"error_value","time":"2025-08-27T18:19:41+03:30","message":"multi test error"}
{"level":"warn","logger":"test-multi","caller":"file_adapter.go:4","time":"2025-08-27T18:19:41+03:30","message":"multi warning message"}
{"level":"info","logger":"test-multi","caller":"file_adapter.go:4","persistent":"field","time":"2025-08-27T18:19:41+03:30","message":"chained message"}
{"level":"info","logger":"all-strategy","caller":"file_adapter.go:4","strategy":"all","time":"2025-08-27T18:19:41+03:30","message":"strategy test"}
{"level":"info","logger":"round-robin-strategy","caller":"file_adapter.go:4","strategy":"round_robin","time":"2025-08-27T18:19:41+03:30","message":"strategy test"}
{"level":"info","logger":"test-file","caller":"file_adapter.go:4","key":"value","time":"2025-08-27T18:20:02+03:30","message":"file test message"}
{"level":"error","logger":"test-file","caller":"file_adapter.go:4","error_key":"error_value","time":"2025-08-27T18:20:02+03:30","message":"file test error"}
{"level":"warn","logger":"test-file","caller":"file_adapter.go:4","time":"2025-08-27T18:20:02+03:30","message":"file warning message"}
{"level":"info","logger":"test-file","caller":"file_adapter.go:4","persistent":"field","time":"2025-08-27T18:20:02+03:30","message":"chained message"}
{"level":"info","logger":"test-multi","caller":"file_adapter.go:4","key":"value","time":"2025-08-27T18:20:02+03:30","message":"multi test message"}
{"level":"error","logger":"test-multi","caller":"file_adapter.go:4","error_key":"error_value","time":"2025-08-27T18:20:02+03:30","message":"multi test error"}
{"level":"warn","logger":"test-multi","caller":"file_adapter.go:4","time":"2025-08-27T18:20:02+03:30","message":"multi warning message"}
{"level":"info","logger":"test-multi","caller":"file_adapter.go:4","persistent":"field","time":"2025-08-27T18:20:02+03:30","message":"chained message"}
{"level":"info","logger":"all-strategy","caller":"file_adapter.go:4","strategy":"all","time":"2025-08-27T18:20:02+03:30","message":"strategy test"}
{"level":"info","logger":"round-robin-strategy","caller":"file_adapter.go:4","strategy":"round_robin","time":"2025-08-27T18:20:02+03:30","message":"strategy test"}
{"level":"info","logger":"test-file","caller":"file_adapter.go:4","key":"value","time":"2025-08-27T18:20:25+03:30","message":"file test message"}
{"level":"error","logger":"test-file","caller":"file_adapter.go:4","error_key":"error_value","time":"2025-08-27T18:20:25+03:30","message":"file test error"}
{"level":"warn","logger":"test-file","caller":"file_adapter.go:4","time":"2025-08-27T18:20:25+03:30","message":"file warning message"}
{"level":"info","logger":"test-file","caller":"file_adapter.go:4","persistent":"field","time":"2025-08-27T18:20:25+03:30","message":"chained message"}
{"level":"info","logger":"test-multi","caller":"file_adapter.go:4","key":"value","time":"2025-08-27T18:20:25+03:30","message":"multi test message"}
{"level":"error","logger":"test-multi","caller":"file_adapter.go:4","error_key":"error_value","time":"2025-08-27T18:20:25+03:30","message":"multi test error"}
{"level":"warn","logger":"test-multi","caller":"file_adapter.go:4","time":"2025-08-27T18:20:25+03:30","message":"multi warning message"}
{"level":"info","logger":"test-multi","caller":"file_adapter.go:4","persistent":"field","time":"2025-08-27T18:20:25+03:30","message":"chained message"}
{"level":"info","logger":"all-strategy","caller":"file_adapter.go:4","strategy":"all","time":"2025-08-27T18:20:25+03:30","message":"strategy test"}
{"level":"info","logger":"round-robin-strategy","caller":"file_adapter.go:4","strategy":"round_robin","time":"2025-08-27T18:20:25+03:30","message":"strategy test"}
{"level":"info","logger":"test-file","caller":"file_adapter.go:4","key":"value","time":"2025-08-27T18:25:21+03:30","message":"file test message"}
{"level":"error","logger":"test-file","caller":"file_adapter.go:4","error_key":"error_value","time":"2025-08-27T18:25:21+03:30","message":"file test error"}
{"level":"warn","logger":"test-file","caller":"file_adapter.go:4","time":"2025-08-27T18:25:21+03:30","message":"file warning message"}
{"level":"info","logger":"test-file","caller":"file_adapter.go:4","persistent":"field","time":"2025-08-27T18:25:21+03:30","message":"chained message"}
{"level":"info","logger":"test-multi","caller":"file_adapter.go:4","key":"value","time":"2025-08-27T18:25:21+03:30","message":"multi test message"}
{"level":"error","logger":"test-multi","caller":"file_adapter.go:4","error_key":"error_value","time":"2025-08-27T18:25:21+03:30","message":"multi test error"}
{"level":"warn","logger":"test-multi","caller":"file_adapter.go:4","time":"2025-08-27T18:25:21+03:30","message":"multi warning message"}
{"level":"info","logger":"test-multi","caller":"file_adapter.go:4","persistent":"field","time":"2025-08-27T18:25:21+03:30","message":"chained message"}
{"level":"info","logger":"all-strategy","caller":"file_adapter.go:4","strategy":"all","time":"2025-08-27T18:25:21+03:30","message":"strategy test"}
{"level":"info","logger":"round-robin-strategy","caller":"file_adapter.go:4","strategy":"round_robin","time":"2025-08-27T18:25:21+03:30","message":"strategy test"}
{"level":"info","logger":"test-file","caller":"file_adapter.go:4","key":"value","time":"2025-08-27T18:25:46+03:30","message":"file test message"}
{"level":"error","logger":"test-file","caller":"file_adapter.go:4","error_key":"error_value","time":"2025-08-27T18:25:46+03:30","message":"file test error"}
{"level":"warn","logger":"test-file","caller":"file_adapter.go:4","time":"2025-08-27T18:25:46+03:30","message":"file warning message"}
{"level":"info","logger":"test-file","caller":"file_adapter.go:4","persistent":"field","time":"2025-08-27T18:25:46+03:30","message":"chained message"}
{"level":"info","logger":"test-multi","caller":"file_adapter.go:4","key":"value","time":"2025-08-27T18:25:46+03:30","message":"multi test message"}
{"level":"error","logger":"test-multi","caller":"file_adapter.go:4","error_key":"error_value","time":"2025-08-27T18:25:46+03:30","message":"multi test error"}
{"level":"warn","logger":"test-multi","caller":"file_adapter.go:4","time":"2025-08-27T18:25:46+03:30","message":"multi warning message"}
{"level":"info","logger":"test-multi","caller":"file_adapter.go:4","persistent":"field","time":"2025-08-27T18:25:46+03:30","message":"chained message"}
{"level":"info","logger":"all-strategy","caller":"file_adapter.go:4","strategy":"all","time":"2025-08-27T18:25:46+03:30","message":"strategy test"}
{"level":"info","logger":"round-robin-strategy","caller":"file_adapter.go:4","strategy":"round_robin","time":"2025-08-27T18:25:46+03:30","message":"strategy test"}
{"level":"info","logger":"test-file","caller":"file_adapter.go:4","key":"value","time":"2025-08-27T18:26:16+03:30","message":"file test message"}
{"level":"error","logger":"test-file","caller":"file_adapter.go:4","error_key":"error_value","time":"2025-08-27T18:26:16+03:30","message":"file test error"}
{"level":"warn","logger":"test-file","caller":"file_adapter.go:4","time":"2025-08-27T18:26:16+03:30","message":"file warning message"}
{"level":"info","logger":"test-file","caller":"file_adapter.go:4","persistent":"field","time":"2025-08-27T18:26:16+03:30","message":"chained message"}
{"level":"info","logger":"test-multi","caller":"file_adapter.go:4","key":"value","time":"2025-08-27T18:26:16+03:30","message":"multi test message"}
{"level":"error","logger":"test-multi","caller":"file_adapter.go:4","error_key":"error_value","time":"2025-08-27T18:26:16+03:30","message":"multi test error"}
{"level":"warn","logger":"test-multi","caller":"file_adapter.go:4","time":"2025-08-27T18:26:16+03:30","message":"multi warning message"}
{"level":"info","logger":"test-multi","caller":"file_adapter.go:4","persistent":"field","time":"2025-08-27T18:26:16+03:30","message":"chained message"}
{"level":"info","logger":"all-strategy","caller":"file_adapter.go:4","strategy":"all","time":"2025-08-27T18:26:16+03:30","message":"strategy test"}
{"level":"info","logger":"round-robin-strategy","caller":"file_adapter.go:4","strategy":"round_robin","time":"2025-08-27T18:26:16+03:30","message":"strategy test"}
{"level":"info","logger":"test-file","caller":"file_adapter.go:4","key":"value","time":"2025-08-27T18:26:22+03:30","message":"file test message"}
{"level":"error","logger":"test-file","caller":"file_adapter.go:4","error_key":"error_value","time":"2025-08-27T18:26:22+03:30","message":"file test error"}
{"level":"warn","logger":"test-file","caller":"file_adapter.go:4","time":"2025-08-27T18:26:22+03:30","message":"file warning message"}
{"level":"info","logger":"test-file","caller":"file_adapter.go:4","persistent":"field","time":"2025-08-27T18:26:22+03:30","message":"chained message"}
{"level":"info","logger":"test-multi","caller":"file_adapter.go:4","key":"value","time":"2025-08-27T18:26:22+03:30","message":"multi test message"}
{"level":"error","logger":"test-multi","caller":"file_adapter.go:4","error_key":"error_value","time":"2025-08-27T18:26:22+03:30","message":"multi test error"}
{"level":"warn","logger":"test-multi","caller":"file_adapter.go:4","time":"2025-08-27T18:26:22+03:30","message":"multi warning message"}
{"level":"info","logger":"test-multi","caller":"file_adapter.go:4","persistent":"field","time":"2025-08-27T18:26:22+03:30","message":"chained message"}
{"level":"info","logger":"all-strategy","caller":"file_adapter.go:4","strategy":"all","time":"2025-08-27T18:26:22+03:30","message":"strategy test"}
{"level":"info","logger":"round-robin-strategy","caller":"file_adapter.go:4","strategy":"round_robin","time":"2025-08-27T18:26:22+03:30","message":"strategy test"}
{"level":"info","logger":"test-file","caller":"file_adapter.go:4","key":"value","time":"2025-08-27T18:26:31+03:30","message":"file test message"}
{"level":"error","logger":"test-file","caller":"file_adapter.go:4","error_key":"error_value","time":"2025-08-27T18:26:31+03:30","message":"file test error"}
{"level":"warn","logger":"test-file","caller":"file_adapter.go:4","time":"2025-08-27T18:26:31+03:30","message":"file warning message"}
{"level":"info","logger":"test-file","caller":"file_adapter.go:4","persistent":"field","time":"2025-08-27T18:26:31+03:30","message":"chained message"}
{"level":"info","logger":"test-multi","caller":"file_adapter.go:4","key":"value","time":"2025-08-27T18:26:31+03:30","message":"multi test message"}
{"level":"error","logger":"test-multi","caller":"file_adapter.go:4","error_key":"error_value","time":"2025-08-27T18:26:31+03:30","message":"multi test error"}
{"level":"warn","logger":"test-multi","caller":"file_adapter.go:4","time":"2025-08-27T18:26:31+03:30","message":"multi warning message"}
{"level":"info","logger":"test-multi","caller":"file_adapter.go:4","persistent":"field","time":"2025-08-27T18:26:31+03:30","message":"chained message"}
{"level":"info","logger":"all-strategy","caller":"file_adapter.go:4","strategy":"all","time":"2025-08-27T18:26:31+03:30","message":"strategy test"}
{"level":"info","logger":"round-robin-strategy","caller":"file_adapter.go:4","strategy":"round_robin","time":"2025-08-27T18:26:31+03:30","message":"strategy test"}
